This is XeTeX, Version 3.14159265-2.6-0.999991 (TeX Live 2019/Debian) (preloaded format=xelatex 2019.11.4)  8 NOV 2019 11:10
entering extended mode
 restricted \write18 enabled.
 %&-line parsing enabled.
**tree.tex
(./tree.tex
LaTeX2e <2018-12-01>
(/usr/share/texlive/texmf-dist/tex/latex/base/article.cls
Document Class: article 2018/09/03 v1.4i Standard LaTeX document class
(/usr/share/texlive/texmf-dist/tex/latex/base/size10.clo
File: size10.clo 2018/09/03 v1.4i Standard LaTeX file (size option)
)
\c@part=\count80
\c@section=\count81
\c@subsection=\count82
\c@subsubsection=\count83
\c@paragraph=\count84
\c@subparagraph=\count85
\c@figure=\count86
\c@table=\count87
\abovecaptionskip=\skip41
\belowcaptionskip=\skip42
\bibindent=\dimen102
)
(/usr/share/texlive/texmf-dist/tex/latex/geometry/geometry.sty
Package: geometry 2018/04/16 v5.8 Page Geometry

(/usr/share/texlive/texmf-dist/tex/latex/graphics/keyval.sty
Package: keyval 2014/10/28 v1.15 key=value parser (DPC)
\KV@toks@=\toks14
)
(/usr/share/texlive/texmf-dist/tex/generic/oberdiek/ifpdf.sty
Package: ifpdf 2018/09/07 v3.3 Provides the ifpdf switch
)
(/usr/share/texlive/texmf-dist/tex/generic/oberdiek/ifvtex.sty
Package: ifvtex 2016/05/16 v1.6 Detect VTeX and its facilities (HO)
Package ifvtex Info: VTeX not detected.
)
(/usr/share/texlive/texmf-dist/tex/generic/ifxetex/ifxetex.sty
Package: ifxetex 2010/09/12 v0.6 Provides ifxetex conditional
)
\Gm@cnth=\count88
\Gm@cntv=\count89
\c@Gm@tempcnt=\count90
\Gm@bindingoffset=\dimen103
\Gm@wd@mp=\dimen104
\Gm@odd@mp=\dimen105
\Gm@even@mp=\dimen106
\Gm@layoutwidth=\dimen107
\Gm@layoutheight=\dimen108
\Gm@layouthoffset=\dimen109
\Gm@layoutvoffset=\dimen110
\Gm@dimlist=\toks15
)
(/usr/share/texlive/texmf-dist/tex/latex/pst-tree/pst-tree.sty
(/usr/share/texlive/texmf-dist/tex/latex/pstricks/pstricks.sty
Package: pstricks 2018/12/21 v0.69 LaTeX wrapper for `PSTricks' (RN,HV)

(/usr/share/texlive/texmf-dist/tex/generic/iftex/iftex.sty
Package: iftex 2013/04/04 v0.2 Provides if(tex) conditional for PDFTeX, XeTeX, 
and LuaTeX
)
(/usr/share/texlive/texmf-dist/tex/latex/tools/shellesc.sty
Package: shellesc 2016/06/07 v0.02a unified shell escape interface for LaTeX
Package shellesc Info: Restricted shell escape enabled on input line 69.
)
(/usr/share/texlive/texmf-dist/tex/latex/xcolor/xcolor.sty
Package: xcolor 2016/05/11 v2.12 LaTeX color extensions (UK)

(/usr/share/texlive/texmf-dist/tex/latex/graphics-cfg/color.cfg
File: color.cfg 2016/01/02 v1.6 sample color configuration
)
Package xcolor Info: Driver file: xetex.def on input line 225.

(/usr/share/texlive/texmf-dist/tex/latex/graphics-def/xetex.def
File: xetex.def 2017/06/24 v5.0h Graphics/color driver for xetex
)
Package xcolor Info: Model `cmy' substituted by `cmy0' on input line 1348.
Package xcolor Info: Model `RGB' extended on input line 1364.
Package xcolor Info: Model `HTML' substituted by `rgb' on input line 1366.
Package xcolor Info: Model `Hsb' substituted by `hsb' on input line 1367.
Package xcolor Info: Model `tHsb' substituted by `hsb' on input line 1368.
Package xcolor Info: Model `HSB' substituted by `hsb' on input line 1369.
Package xcolor Info: Model `Gray' substituted by `gray' on input line 1370.
Package xcolor Info: Model `wave' substituted by `hsb' on input line 1371.
)
(/usr/share/texlive/texmf-dist/tex/generic/xkeyval/pst-xkey.tex
File: pst-xkey.tex 2005/11/25 v1.6 PSTricks specialization of xkeyval (HA)

(/usr/share/texlive/texmf-dist/tex/latex/xkeyval/xkeyval.sty
Package: xkeyval 2014/12/03 v2.7a package option processing (HA)

(/usr/share/texlive/texmf-dist/tex/generic/xkeyval/xkeyval.tex
(/usr/share/texlive/texmf-dist/tex/generic/xkeyval/xkvutils.tex
\XKV@toks=\toks16
\XKV@tempa@toks=\toks17
)
\XKV@depth=\count91
File: xkeyval.tex 2014/12/03 v2.7a key=value parser (HA)
)))
(/usr/share/texlive/texmf-dist/tex/generic/pstricks/pstricks.tex
(/usr/share/texlive/texmf-dist/tex/generic/pstricks/pst-fp.tex
`pst-fp' v0.05, 2010/01/17 (hv)
\pstFP@xs=\count92
\pstFP@xia=\count93
\pstFP@xib=\count94
\pstFP@xfa=\count95
\pstFP@xfb=\count96
\pstFP@rega=\count97
\pstFP@regb=\count98
\pstFP@regs=\count99
\pstFP@times=\count100
)
(/usr/share/texlive/texmf-dist/tex/generic/pgf/utilities/pgfutil-common.tex
\pgfutil@everybye=\toks18
\pgfutil@tempdima=\dimen111
\pgfutil@tempdimb=\dimen112

(/usr/share/texlive/texmf-dist/tex/generic/pgf/utilities/pgfutil-common-lists.t
ex)) (/usr/share/texlive/texmf-dist/tex/generic/pgf/utilities/pgfkeys.code.tex
\pgfkeys@pathtoks=\toks19
\pgfkeys@temptoks=\toks20

(/usr/share/texlive/texmf-dist/tex/generic/pgf/utilities/pgfkeysfiltered.code.t
ex
\pgfkeys@tmptoks=\toks21
)) (/usr/share/texlive/texmf-dist/tex/generic/pgf/utilities/pgffor.code.tex
Loading pgffor.code.tex
(/usr/share/texlive/texmf-dist/tex/generic/pgf/math/pgfmath.code.tex
(/usr/share/texlive/texmf-dist/tex/generic/pgf/math/pgfmathcalc.code.tex
(/usr/share/texlive/texmf-dist/tex/generic/pgf/math/pgfmathutil.code.tex
\pgf@x=\dimen113
\pgf@xa=\dimen114
\pgf@xb=\dimen115
\pgf@xc=\dimen116
\pgf@y=\dimen117
\pgf@ya=\dimen118
\pgf@yb=\dimen119
\pgf@yc=\dimen120
\c@pgf@counta=\count101
\c@pgf@countb=\count102
\c@pgf@countc=\count103
\c@pgf@countd=\count104
\pgfutil@tempcnta=\count105
\pgfutil@tempcntb=\count106
)
(/usr/share/texlive/texmf-dist/tex/generic/pgf/math/pgfmathparser.code.tex
\pgfmath@dimen=\dimen121
\pgfmath@count=\count107
\pgfmath@box=\box27
\pgfmath@toks=\toks22
\pgfmath@stack@operand=\toks23
\pgfmath@stack@operation=\toks24
)
(/usr/share/texlive/texmf-dist/tex/generic/pgf/math/pgfmathfunctions.code.tex
(/usr/share/texlive/texmf-dist/tex/generic/pgf/math/pgfmathfunctions.basic.code
.tex)
(/usr/share/texlive/texmf-dist/tex/generic/pgf/math/pgfmathfunctions.trigonomet
ric.code.tex)
(/usr/share/texlive/texmf-dist/tex/generic/pgf/math/pgfmathfunctions.random.cod
e.tex)
(/usr/share/texlive/texmf-dist/tex/generic/pgf/math/pgfmathfunctions.comparison
.code.tex)
(/usr/share/texlive/texmf-dist/tex/generic/pgf/math/pgfmathfunctions.base.code.
tex)
(/usr/share/texlive/texmf-dist/tex/generic/pgf/math/pgfmathfunctions.round.code
.tex)
(/usr/share/texlive/texmf-dist/tex/generic/pgf/math/pgfmathfunctions.misc.code.
tex)
(/usr/share/texlive/texmf-dist/tex/generic/pgf/math/pgfmathfunctions.integerari
thmetics.code.tex)))
(/usr/share/texlive/texmf-dist/tex/generic/pgf/math/pgfmathfloat.code.tex
\c@pgfmathroundto@lastzeros=\count108
))
\pgffor@iter=\dimen122
\pgffor@skip=\dimen123
\pgffor@stack=\toks25
\pgffor@toks=\toks26
)
\psLoopIndex=\count109

`PSTricks' v2.97  <2019/05/11> (tvz,hv)
\pst@dima=\dimen124
\pst@dimb=\dimen125
\pst@dimc=\dimen126
\pst@dimd=\dimen127
\pst@dimg=\dimen128
\pst@dimh=\dimen129
\pst@dimm=\dimen130
\pst@dimn=\dimen131
\pst@dimo=\dimen132
\pst@dimp=\dimen133
\pst@hbox=\box28
\pst@ibox=\box29
\pst@boxg=\box30
\pst@cnta=\count110
\pst@cntb=\count111
\pst@cntc=\count112
\pst@cntd=\count113
\pst@cntg=\count114
\pst@cnth=\count115
\pst@cntm=\count116
\pst@cntn=\count117
\pst@cnto=\count118
\pst@cntp=\count119
\@zero=\count120
\pst@toks=\toks27
(/usr/share/texlive/texmf-dist/tex/xelatex/xetex-pstricks/pstricks.con
(/usr/share/texlive/texmf-dist/tex/generic/pstricks/config/xdvipdfmx.cfg))
\psunit=\dimen134
\psxunit=\dimen135
\psyunit=\dimen136
\pst@C@@rType=\count121
\pslinewidth=\dimen137
\psk@startLW=\dimen138
\psk@endLW=\dimen139
\pst@customdefs=\toks28
\pslinearc=\dimen140
\pst@symbolStep=\dimen141
\pst@symbolWidth=\dimen142
\pst@symbolLinewidth=\dimen143
\everypsbox=\toks29
\psframesep=\dimen144
\pslabelsep=\dimen145
\sh@wgridXunit=\dimen146
\sh@wgridYunit=\dimen147
\pst@shift=\dimen148

(/usr/share/texlive/texmf-dist/tex/xelatex/xetex-pstricks/pstricks.con
(/usr/share/texlive/texmf-dist/tex/generic/pstricks/config/xdvipdfmx.cfg
Using PSTricks configuration for XeTeX+xdvipdfmx
)))
File: pstricks.tex 2019/05/11 v2.97 `PSTricks' (tvz,hv)
 (/usr/share/texlive/texmf-dist/tex/generic/pstricks/pst-fp.tex)
File: pst-fp.tex 2019/05/11 v2.97 `PST-fp' (hv)

>>> Loading XeTeX special macros
(/usr/share/texlive/texmf-dist/tex/generic/pstricks/pstricks-xetex.def))
Package: pst-tree 2009/01/25 package wrapper for pst-tree.tex

(/usr/share/texlive/texmf-dist/tex/generic/pst-tree/pst-tree.tex
(/usr/share/texlive/texmf-dist/tex/generic/pst-node/pst-node.tex
 v1.42, 2019/03/03
\psrow=\count122
\pscol=\count123
\psmatrixcnt=\count124
\psrowsep=\skip43
\pscolsep=\skip44
\pst@args=\count125
\num@pts=\count126
\pst@argcnt=\count127
)  v1.13, 2017/02/18(tvz,dg,hv)
\pstree@rootbox=\box31
\pstree@box=\box32
\psnodecnt=\count128
\pstreelevel=\count129
\pstreecnt=\count130
\pstree@cnt=\count131
\pstree@stop=\count132
)
File: pst-tree.tex 2017/02/18 1.13 `pst-tree' (tvz,hv)
) (./tree.aux)
\openout1 = `tree.aux'.

LaTeX Font Info:    Checking defaults for OML/cmm/m/it on input line 7.
LaTeX Font Info:    ... okay on input line 7.
LaTeX Font Info:    Checking defaults for T1/cmr/m/n on input line 7.
LaTeX Font Info:    ... okay on input line 7.
LaTeX Font Info:    Checking defaults for OT1/cmr/m/n on input line 7.
LaTeX Font Info:    ... okay on input line 7.
LaTeX Font Info:    Checking defaults for OMS/cmsy/m/n on input line 7.
LaTeX Font Info:    ... okay on input line 7.
LaTeX Font Info:    Checking defaults for TU/lmr/m/n on input line 7.
LaTeX Font Info:    ... okay on input line 7.
LaTeX Font Info:    Checking defaults for OMX/cmex/m/n on input line 7.
LaTeX Font Info:    ... okay on input line 7.
LaTeX Font Info:    Checking defaults for U/cmr/m/n on input line 7.
LaTeX Font Info:    ... okay on input line 7.

*geometry* driver: auto-detecting
*geometry* detected driver: xetex
*geometry* verbose mode - [ preamble ] result:
* driver: xetex
* paper: <default>
* layout: <same size as paper>
* layoutoffset:(h,v)=(0.0pt,0.0pt)
* modes: 
* h-part:(L,W,R)=(28.45274pt, 557.38951pt, 28.45274pt)
* v-part:(T,H,B)=(28.45274pt, 738.0645pt, 28.45274pt)
* \paperwidth=614.295pt
* \paperheight=794.96999pt
* \textwidth=557.38951pt
* \textheight=738.0645pt
* \oddsidemargin=-43.81725pt
* \evensidemargin=-43.81725pt
* \topmargin=-80.81725pt
* \headheight=12.0pt
* \headsep=25.0pt
* \topskip=10.0pt
* \footskip=30.0pt
* \marginparwidth=65.0pt
* \marginparsep=11.0pt
* \columnsep=10.0pt
* \skip\footins=9.0pt plus 4.0pt minus 2.0pt
* \hoffset=0.0pt
* \voffset=0.0pt
* \mag=1000
* \@twocolumnfalse
* \@twosidefalse
* \@mparswitchfalse
* \@reversemarginfalse
* (1in=72.27pt=25.4mm, 1cm=28.453pt)

(./bst.tex) [1

] (./tree.aux) ) 
Here is how much of TeX's memory you used:
 8869 strings out of 492909
 156735 string characters out of 6135047
 238052 words of memory out of 5000000
 12853 multiletter control sequences out of 15000+600000
 3648 words of font info for 15 fonts, out of 8000000 for 9000
 1348 hyphenation exceptions out of 8191
 43i,5n,43p,601b,365s stack positions out of 5000i,500n,10000p,200000b,80000s

Output written on tree.pdf (1 page).
